<?xml version="1.0" encoding="UTF-8"?>
<!-- Generated by org.testng.reporters.JUnitReportReporter -->
<testsuite hostname="TrovSai-PC" name="org.bluemeric.common.Singletier" tests="2" failures="0" timestamp="6 Jul 2016 09:48:02 GMT" time="247.343" errors="0">
  <testcase name="createSingletierDesign" time="173.116" classname="org.bluemeric.common.Singletier"/>
  <testcase name="linkComponent" time="74.227" classname="org.bluemeric.common.Singletier"/>
</testsuite> <!-- org.bluemeric.common.Singletier -->
